<?xml version="1.0" encoding="UTF-8"?>
<testsuite name="com.mcconnell.leaderkeeper.LeaderKeeperApplicationTests" tests="1" skipped="0" failures="0" errors="0" timestamp="2022-09-17T02:14:26" hostname="Lukes-MacBook-Pro.local" time="0.127">
  <properties/>
  <testcase name="contextLoads()" classname="com.mcconnell.leaderkeeper.LeaderKeeperApplicationTests" time="0.127"/>
  <system-out><![CDATA[11:14:25.479 [Test worker] DEBUG org.springframework.test.context.BootstrapUtils - Instantiating CacheAwareContextLoaderDelegate from class [org.springframework.test.context.cache.DefaultCacheAwareContextLoaderDelegate]
11:14:25.483 [Test worker] DEBUG org.springframework.test.context.BootstrapUtils - Instantiating BootstrapContext using constructor [public org.springframework.test.context.support.DefaultBootstrapContext(java.lang.Class,org.springframework.test.context.CacheAwareContextLoaderDelegate)]
11:14:25.499 [Test worker] DEBUG org.springframework.test.context.BootstrapUtils - Instantiating TestContextBootstrapper for test class [com.mcconnell.leaderkeeper.LeaderKeeperApplicationTests] from class [org.springframework.boot.test.context.SpringBootTestContextBootstrapper]
11:14:25.503 [Test worker] INFO org.springframework.boot.test.context.SpringBootTestContextBootstrapper - Neither @ContextConfiguration nor @ContextHierarchy found for test class [com.mcconnell.leaderkeeper.LeaderKeeperApplicationTests], using SpringBootContextLoader
11:14:25.504 [Test worker] DEBUG org.springframework.test.context.support.AbstractContextLoader - Did not detect default resource location for test class [com.mcconnell.leaderkeeper.LeaderKeeperApplicationTests]: class path resource [com/mcconnell/leaderkeeper/LeaderKeeperApplicationTests-context.xml] does not exist
11:14:25.504 [Test worker] DEBUG org.springframework.test.context.support.AbstractContextLoader - Did not detect default resource location for test class [com.mcconnell.leaderkeeper.LeaderKeeperApplicationTests]: class path resource [com/mcconnell/leaderkeeper/LeaderKeeperApplicationTestsContext.groovy] does not exist
11:14:25.504 [Test worker] INFO org.springframework.test.context.support.AbstractContextLoader - Could not detect default resource locations for test class [com.mcconnell.leaderkeeper.LeaderKeeperApplicationTests]: no resource found for suffixes {-context.xml, Context.groovy}.
11:14:25.504 [Test worker] INFO org.springframework.test.context.support.AnnotationConfigContextLoaderUtils - Could not detect default configuration classes for test class [com.mcconnell.leaderkeeper.LeaderKeeperApplicationTests]: LeaderKeeperApplicationTests does not declare any static, non-private, non-final, nested classes annotated with @Configuration.
11:14:25.519 [Test worker] DEBUG org.springframework.test.context.support.ActiveProfilesUtils - Could not find an 'annotation declaring class' for annotation type [org.springframework.test.context.ActiveProfiles] and class [com.mcconnell.leaderkeeper.LeaderKeeperApplicationTests]
11:14:25.542 [Test worker] DEBUG org.springframework.context.annotation.ClassPathScanningCandidateComponentProvider - Identified candidate component class: file [/Users/lukemcconnell/Desktop/Development/Projects/Java/Leader_Keeper/Leader_Keeper/build/classes/java/main/com/mcconnell/leaderkeeper/LeaderKeeperApplication.class]
11:14:25.543 [Test worker] INFO org.springframework.boot.test.context.SpringBootTestContextBootstrapper - Found @SpringBootConfiguration com.mcconnell.leaderkeeper.LeaderKeeperApplication for test class com.mcconnell.leaderkeeper.LeaderKeeperApplicationTests
11:14:25.577 [Test worker] DEBUG org.springframework.boot.test.context.SpringBootTestContextBootstrapper - @TestExecutionListeners is not present for class [com.mcconnell.leaderkeeper.LeaderKeeperApplicationTests]: using defaults.
11:14:25.578 [Test worker] INFO org.springframework.boot.test.context.SpringBootTestContextBootstrapper - Loaded default TestExecutionListener class names from location [META-INF/spring.factories]: [org.springframework.boot.test.autoconfigure.restdocs.RestDocsTestExecutionListener, org.springframework.boot.test.autoconfigure.web.client.MockRestServiceServerResetTestExecutionListener, org.springframework.boot.test.autoconfigure.web.servlet.MockMvcPrintOnlyOnFailureTestExecutionListener, org.springframework.boot.test.autoconfigure.web.servlet.WebDriverTestExecutionListener, org.springframework.boot.test.autoconfigure.webservices.client.MockWebServiceServerTestExecutionListener, org.springframework.boot.test.mock.mockito.MockitoTestExecutionListener, org.springframework.boot.test.mock.mockito.ResetMocksTestExecutionListener, org.springframework.test.context.web.ServletTestExecutionListener, org.springframework.test.context.support.DirtiesContextBeforeModesTestExecutionListener, org.springframework.test.context.event.ApplicationEventsTestExecutionListener, org.springframework.test.context.support.DependencyInjectionTestExecutionListener, org.springframework.test.context.support.DirtiesContextTestExecutionListener, org.springframework.test.context.transaction.TransactionalTestExecutionListener, org.springframework.test.context.jdbc.SqlScriptsTestExecutionListener, org.springframework.test.context.event.EventPublishingTestExecutionListener]
11:14:25.584 [Test worker] INFO org.springframework.boot.test.context.SpringBootTestContextBootstrapper - Using TestExecutionListeners: [org.springframework.test.context.web.ServletTestExecutionListener@3fffff43, org.springframework.test.context.support.DirtiesContextBeforeModesTestExecutionListener@a8e6492, org.springframework.test.context.event.ApplicationEventsTestExecutionListener@1c7fd41f, org.springframework.boot.test.mock.mockito.MockitoTestExecutionListener@3b77a04f, org.springframework.boot.test.autoconfigure.SpringBootDependencyInjectionTestExecutionListener@7b324585, org.springframework.test.context.support.DirtiesContextTestExecutionListener@2e11485, org.springframework.test.context.transaction.TransactionalTestExecutionListener@60dce7ea, org.springframework.test.context.jdbc.SqlScriptsTestExecutionListener@662f5666, org.springframework.test.context.event.EventPublishingTestExecutionListener@fd8294b, org.springframework.boot.test.autoconfigure.restdocs.RestDocsTestExecutionListener@5974109, org.springframework.boot.test.autoconfigure.web.client.MockRestServiceServerResetTestExecutionListener@27305e6, org.springframework.boot.test.autoconfigure.web.servlet.MockMvcPrintOnlyOnFailureTestExecutionListener@1ef3efa8, org.springframework.boot.test.autoconfigure.web.servlet.WebDriverTestExecutionListener@502f1f4c, org.springframework.boot.test.autoconfigure.webservices.client.MockWebServiceServerTestExecutionListener@6f8f9349, org.springframework.boot.test.mock.mockito.ResetMocksTestExecutionListener@75c9e76b]
11:14:25.585 [Test worker] DEBUG org.springframework.test.context.support.AbstractDirtiesContextTestExecutionListener - Before test class: context [DefaultTestContext@30d4b288 testClass = LeaderKeeperApplicationTests, testInstance = [null], testMethod = [null], testException = [null], mergedContextConfiguration = [WebMergedContextConfiguration@4cc6fa2a testClass = LeaderKeeperApplicationTests, locations = '{}', classes = '{class com.mcconnell.leaderkeeper.LeaderKeeperApplication}', contextInitializerClasses = '[]', activeProfiles = '{}', propertySourceLocations = '{}', propertySourceProperties = '{org.springframework.boot.test.context.SpringBootTestContextBootstrapper=true}', contextCustomizers = set[org.springframework.boot.test.autoconfigure.actuate.metrics.MetricsExportContextCustomizerFactory$DisableMetricExportContextCustomizer@1ab06251, org.springframework.boot.test.autoconfigure.properties.PropertyMappingContextCustomizer@0, org.springframework.boot.test.autoconfigure.web.servlet.WebDriverContextCustomizerFactory$Customizer@3688eb5b, org.springframework.boot.test.context.filter.ExcludeFilterContextCustomizer@50de186c, org.springframework.boot.test.json.DuplicateJsonObjectContextCustomizerFactory$DuplicateJsonObjectContextCustomizer@73d983ea, org.springframework.boot.test.mock.mockito.MockitoContextCustomizer@0, org.springframework.boot.test.web.client.TestRestTemplateContextCustomizer@12d2ce03, org.springframework.boot.test.context.SpringBootTestArgs@1, org.springframework.boot.test.context.SpringBootTestWebEnvironment@71e9ddb4], resourceBasePath = 'src/main/webapp', contextLoader = 'org.springframework.boot.test.context.SpringBootContextLoader', parent = [null]], attributes = map['org.springframework.test.context.web.ServletTestExecutionListener.activateListener' -> true]], class annotated with @DirtiesContext [false] with mode [null].

  .   ____          _            __ _ _
 /\\ / ___'_ __ _ _(_)_ __  __ _ \ \ \ \
( ( )\___ | '_ | '_| | '_ \/ _` | \ \ \ \
 \\/  ___)| |_)| | | | | || (_| |  ) ) ) )
  '  |____| .__|_| |_|_| |_\__, | / / / /
 =========|_|==============|___/=/_/_/_/
 :: Spring Boot ::                (v2.7.3)

2022-09-17 11:14:25.691  INFO 25559 --- [    Test worker] c.m.l.LeaderKeeperApplicationTests       : Starting LeaderKeeperApplicationTests using Java 18.0.1.1 on Lukes-MacBook-Pro.local with PID 25559 (started by lukemcconnell in /Users/lukemcconnell/Desktop/Development/Projects/Java/Leader_Keeper/Leader_Keeper)
2022-09-17 11:14:25.691  INFO 25559 --- [    Test worker] c.m.l.LeaderKeeperApplicationTests       : No active profile set, falling back to 1 default profile: "default"
2022-09-17 11:14:25.943  INFO 25559 --- [    Test worker] .s.d.r.c.RepositoryConfigurationDelegate : Bootstrapping Spring Data JPA repositories in DEFAULT mode.
2022-09-17 11:14:25.949  INFO 25559 --- [    Test worker] .s.d.r.c.RepositoryConfigurationDelegate : Finished Spring Data repository scanning in 2 ms. Found 0 JPA repository interfaces.
2022-09-17 11:14:26.152  INFO 25559 --- [    Test worker] com.zaxxer.hikari.HikariDataSource       : HikariPool-1 - Starting...
2022-09-17 11:14:26.233  INFO 25559 --- [    Test worker] com.zaxxer.hikari.HikariDataSource       : HikariPool-1 - Start completed.
2022-09-17 11:14:26.266  INFO 25559 --- [    Test worker] o.hibernate.jpa.internal.util.LogHelper  : HHH000204: Processing PersistenceUnitInfo [name: default]
2022-09-17 11:14:26.288  INFO 25559 --- [    Test worker] org.hibernate.Version                    : HHH000412: Hibernate ORM core version 5.6.10.Final
2022-09-17 11:14:26.365  INFO 25559 --- [    Test worker] o.hibernate.annotations.common.Version   : HCANN000001: Hibernate Commons Annotations {5.1.2.Final}
2022-09-17 11:14:26.411  INFO 25559 --- [    Test worker] org.hibernate.dialect.Dialect            : HHH000400: Using dialect: org.hibernate.dialect.H2Dialect
2022-09-17 11:14:26.489  INFO 25559 --- [    Test worker] o.h.e.t.j.p.i.JtaPlatformInitiator       : HHH000490: Using JtaPlatform implementation: [org.hibernate.engine.transaction.jta.platform.internal.NoJtaPlatform]
2022-09-17 11:14:26.493  INFO 25559 --- [    Test worker] j.LocalContainerEntityManagerFactoryBean : Initialized JPA EntityManagerFactory for persistence unit 'default'
2022-09-17 11:14:26.595  WARN 25559 --- [    Test worker] JpaBaseConfiguration$JpaWebConfiguration : spring.jpa.open-in-view is enabled by default. Therefore, database queries may be performed during view rendering. Explicitly configure spring.jpa.open-in-view to disable this warning
2022-09-17 11:14:26.859  INFO 25559 --- [    Test worker] c.m.l.LeaderKeeperApplicationTests       : Started LeaderKeeperApplicationTests in 1.26 seconds (JVM running for 1.679)
]]></system-out>
  <system-err><![CDATA[]]></system-err>
</testsuite>
